<?xml version="1.0" encoding="UTF-8"?>
<!-- Generated by org.testng.reporters.JUnitXMLReporter -->
<testsuite hostname="del1-lhp-n65327" ignored="0" name="Test" tests="11" failures="0" timestamp="11 Aug 2019 09:52:57 GMT" time="14.587" errors="0">
  <testcase name="s" time="0.102" classname="pages.html_pageTest"/>
  <testcase name="s1" time="0.06" classname="pages.html_pageTest"/>
  <testcase name="f" time="1.106" classname="pages.html_pageTest"/>
  <testcase name="f1" time="0.124" classname="pages.html_pageTest"/>
  <testcase name="f2" time="0.078" classname="pages.html_pageTest"/>
  <testcase name="f3" time="0.079" classname="pages.html_pageTest"/>
  <testcase name="f4" time="0.082" classname="pages.html_pageTest"/>
  <testcase name="f5" time="0.196" classname="pages.html_pageTest"/>
  <testcase name="f6" time="0.144" classname="pages.html_pageTest"/>
  <testcase name="f7" time="0.151" classname="pages.html_pageTest"/>
  <testcase name="f8" time="0.139" classname="pages.html_pageTest"/>
</testsuite> <!-- Test -->
