<?xml version="1.0" encoding="UTF-8"?>
<!-- Generated by org.testng.reporters.JUnitXMLReporter -->
<testsuite hostname="del1-lhp-n65327" ignored="0" name="Default test" tests="11" failures="0" timestamp="11 Aug 2019 10:56:08 GMT" time="17.215" errors="0">
  <testcase name="a" time="0.02" classname="pages.html_pageTest1"/>
  <testcase name="a" time="0.004" classname="pages.html_pageTest1"/>
  <testcase name="a" time="0.004" classname="pages.html_pageTest1"/>
  <testcase name="a" time="0.004" classname="pages.html_pageTest1"/>
  <testcase name="b" time="0.004" classname="pages.html_pageTest1"/>
  <testcase name="b" time="0.0" classname="pages.html_pageTest1"/>
  <testcase name="b" time="0.0" classname="pages.html_pageTest1"/>
  <testcase name="b" time="0.0" classname="pages.html_pageTest1"/>
  <testcase name="s" time="0.703" classname="pages.html_pageTest1"/>
  <testcase name="s1" time="0.048" classname="pages.html_pageTest1"/>
  <testcase name="f" time="0.675" classname="pages.html_pageTest1"/>
</testsuite> <!-- Default test -->
